[2026-04-09T20:55:46Z] === ENRICH ITERATION 1 START | repo=okonet/lint-staged sha=445f9dd0 ===
[2026-04-09T20:55:46Z] [iter=1] PHASE START: enrich repo=okonet/lint-staged sha=445f9dd0 runlog=/home/runner/work/forx/forx/storage/aggregate/lsp/logs/445f9dd0-enrich-iter-001.log output=/home/runner/work/forx/forx/storage/aggregate/lsp/445f9dd042b88528c798b2e25c21c9adbc69a732.nq.gz
[2026-04-09T20:56:01Z] [iter=1] Step 1: Loading AST into disk-backed store mem_mb=81 MB
[2026-04-09T20:56:04Z] [iter=1] AST store loaded triples=345386 load_secs=2 mem_mb=571 MB
[2026-04-09T20:56:04Z] [iter=1] Step 2: Finding LSP targets mem_mb=571 MB
[2026-04-09T20:56:04Z] [iter=1] LSP targets found call_sites=4546 imports=450 extends=0 implements=0 secs=0
[2026-04-09T20:56:04Z] [iter=1] Step 2.7: Building position index (one-shot, shared across resolvers) mem_mb=571 MB
[2026-04-09T20:56:06Z] [iter=1] Position index built positions=23917 nodes_with_types=28872 secs=2 mem_mb=571 MB
[2026-04-09T20:56:06Z] [iter=1] Step 3: Starting LSP resolution mem_mb=571 MB already_completed_types=[] already_completed_files=0
[2026-04-09T20:56:06Z] [iter=1] Resolving target type target_type=call_site count=4546
[2026-04-09T20:56:20Z] [iter=1] HEARTBEAT target_type=call_site elapsed_min=0.6 files_done=1 resolved=4 errors=124 current=test/integration/diff-options.test.js
[2026-04-09T20:56:50Z] [iter=1] HEARTBEAT target_type=call_site elapsed_min=1.1 files_done=5 resolved=7 errors=405 current=test/unit/normalizePath.spec.js
[2026-04-09T20:57:42Z] [iter=1] HEARTBEAT target_type=call_site elapsed_min=1.9 files_done=12 resolved=27 errors=883 current=test/unit/getStagedFiles.spec.js
[2026-04-09T20:58:18Z] [iter=1] HEARTBEAT target_type=call_site elapsed_min=2.5 files_done=19 resolved=44 errors=1223 current=test/integration/git-lock-file.test.js
[2026-04-09T20:58:52Z] [iter=1] HEARTBEAT target_type=call_site elapsed_min=3.1 files_done=26 resolved=52 errors=1537 current=lib/validateOptions.js
[2026-04-09T20:59:24Z] [iter=1] HEARTBEAT target_type=call_site elapsed_min=3.6 files_done=31 resolved=52 errors=1838 current=lib/runAll.js
[2026-04-09T20:59:55Z] [iter=1] HEARTBEAT target_type=call_site elapsed_min=4.2 files_done=37 resolved=66 errors=2135 current=lib/getAbortController.js
[2026-04-09T21:00:45Z] [iter=1] HEARTBEAT target_type=call_site elapsed_min=5.0 files_done=46 resolved=83 errors=2596 current=test/unit/loadConfig.spec.js
[2026-04-09T21:01:17Z] [iter=1] HEARTBEAT target_type=call_site elapsed_min=5.5 files_done=50 resolved=90 errors=2896 current=test/e2e/__utils__/forkLintStagedBin.js
[2026-04-09T21:01:53Z] [iter=1] HEARTBEAT target_type=call_site elapsed_min=6.1 files_done=64 resolved=108 errors=3239 current=test/integration/__utils__/withGitIntegration.js
[2026-04-09T21:02:23Z] [iter=1] HEARTBEAT target_type=call_site elapsed_min=6.6 files_done=76 resolved=121 errors=3520 current=test/integration/not-inside-git-repo.test.js
[2026-04-09T21:02:54Z] [iter=1] HEARTBEAT target_type=call_site elapsed_min=7.1 files_done=89 resolved=150 errors=3809 current=lib/resolveConfig.js
[2026-04-09T21:03:25Z] [iter=1] HEARTBEAT target_type=call_site elapsed_min=7.6 files_done=120 resolved=158 errors=4089 current=test/types/index.test.ts
[2026-04-09T21:03:30Z] [iter=1] Target type resolved target_type=call_site resolved=159 errors=4125 secs=445 mem_mb=571 MB
[2026-04-09T21:03:30Z] [iter=1] Resolving target type target_type=import_statement count=450
[2026-04-09T21:03:34Z] [iter=1] Target type resolved target_type=import_statement resolved=252 errors=0 secs=4 mem_mb=571 MB
[2026-04-09T21:03:39Z] [iter=1] Step 5: Writing final enrichment file triples=38836
[2026-04-09T21:03:40Z] [iter=1] Enrichment file written path=/home/runner/work/forx/forx/storage/aggregate/lsp/445f9dd042b88528c798b2e25c21c9adbc69a732.nq.gz size_kb=823
[2026-04-09T21:03:40Z] [iter=1] PHASE END: enrich elapsed_s=474 elapsed_min=7.9 total_triples=38836
